2015-11-30 00:26:33,549 - ************************************************************** 
2015-11-30 00:26:33,549 - Starting Jakarta Velocity v1.4
2015-11-30 00:26:33,549 - RuntimeInstance initializing.
2015-11-30 00:26:33,549 - Default Properties File: org\apache\velocity\runtime\defaults\velocity.properties
2015-11-30 00:26:33,549 - Trying to use logger class org.apache.velocity.runtime.log.SimpleLog4JLogSystem
2015-11-30 00:26:33,549 - Using logger class org.apache.velocity.runtime.log.SimpleLog4JLogSystem
2015-11-30 00:26:33,549 - Default ResourceManager initializing. (class org.apache.velocity.runtime.resource.ResourceManagerImpl)
2015-11-30 00:26:33,554 - Resource Loader Instantiated: org.apache.velocity.runtime.resource.loader.ClasspathResourceLoader
2015-11-30 00:26:33,554 - ClasspathResourceLoader : initialization starting.
2015-11-30 00:26:33,554 - ClasspathResourceLoader : initialization complete.
2015-11-30 00:26:33,554 - ResourceCache : initialized. (class org.apache.velocity.runtime.resource.ResourceCacheImpl)
2015-11-30 00:26:33,554 - Default ResourceManager initialization complete.
2015-11-30 00:26:33,554 - Loaded System Directive: org.apache.velocity.runtime.directive.Literal
2015-11-30 00:26:33,554 - Loaded System Directive: org.apache.velocity.runtime.directive.Macro
2015-11-30 00:26:33,559 - Loaded System Directive: org.apache.velocity.runtime.directive.Parse
2015-11-30 00:26:33,559 - Loaded System Directive: org.apache.velocity.runtime.directive.Include
2015-11-30 00:26:33,559 - Loaded System Directive: org.apache.velocity.runtime.directive.Foreach
2015-11-30 00:26:33,574 - Created: 20 parsers.
2015-11-30 00:26:33,579 - Velocimacro : initialization starting.
2015-11-30 00:26:33,579 - Velocimacro : adding VMs from VM library template : VM_global_library.vm
2015-11-30 00:26:33,589 - ResourceManager : unable to find resource 'VM_global_library.vm' in any resource loader.
2015-11-30 00:26:33,589 - Velocimacro : error using  VM library template VM_global_library.vm : org.apache.velocity.exception.ResourceNotFoundException: Unable to find resource 'VM_global_library.vm'
2015-11-30 00:26:33,589 - Velocimacro :  VM library template macro registration complete.
2015-11-30 00:26:33,594 - Velocimacro : allowInline = true : VMs can be defined inline in templates
2015-11-30 00:26:33,594 - Velocimacro : allowInlineToOverride = false : VMs defined inline may NOT replace previous VM definitions
2015-11-30 00:26:33,594 - Velocimacro : allowInlineLocal = false : VMs defined inline will be  global in scope if allowed.
2015-11-30 00:26:33,594 - Velocimacro : messages on  : VM system will output logging messages
2015-11-30 00:26:33,594 - Velocimacro : autoload off  : VM system will not automatically reload global library macros
2015-11-30 00:26:33,594 - Velocimacro : initialization complete.
2015-11-30 00:26:33,594 - Velocity successfully started.
